\BOOKMARK [1][-]{section.1}{\376\377\000L\000e\000a\000r\000n\000i\000n\000g\000\040\000O\000b\000j\000e\000c\000t\000i\000v\000e\000s}{}% 1
\BOOKMARK [1][-]{section.2}{\376\377\000O\000v\000e\000r\000v\000i\000e\000w}{}% 2
\BOOKMARK [1][-]{section.3}{\376\377\000D\000i\000m\000e\000n\000s\000i\000o\000n\000s\000\040\000f\000o\000r\000\040\000R\000e\000s\000e\000a\000r\000c\000h\000\040\000S\000c\000h\000e\000m\000e\000s}{}% 3
\BOOKMARK [2][-]{subsection.3.1}{\376\377\000I\000n\000t\000e\000r\000v\000e\000n\000t\000i\000o\000n\000\040\000S\000t\000r\000u\000c\000t\000u\000r\000e}{section.3}% 4
\BOOKMARK [3][-]{subsubsection.3.1.1}{\376\377\000E\000x\000p\000e\000r\000i\000m\000e\000n\000t\000a\000l\000\040\000I\000n\000t\000e\000r\000v\000e\000n\000t\000i\000o\000n}{subsection.3.1}% 5
\BOOKMARK [3][-]{subsubsection.3.1.2}{\376\377\000Q\000u\000a\000s\000i\000-\000e\000x\000p\000e\000r\000i\000m\000e\000n\000t\000a\000l\000\040\000I\000n\000t\000e\000r\000v\000e\000n\000t\000i\000o\000n}{subsection.3.1}% 6
\BOOKMARK [3][-]{subsubsection.3.1.3}{\376\377\000O\000b\000s\000e\000r\000v\000a\000t\000i\000o\000n\000a\000l\000\040\000D\000e\000s\000i\000g\000n}{subsection.3.1}% 7
\BOOKMARK [2][-]{subsection.3.2}{\376\377\000A\000s\000s\000i\000g\000n\000m\000e\000n\000t\000\040\000M\000e\000c\000h\000a\000n\000i\000s\000m}{section.3}% 8
\BOOKMARK [3][-]{subsubsection.3.2.1}{\376\377\000R\000a\000n\000d\000o\000m\000i\000z\000e\000d\000\040\000A\000s\000s\000i\000g\000n\000m\000e\000n\000t}{subsection.3.2}% 9
\BOOKMARK [3][-]{subsubsection.3.2.2}{\376\377\000R\000u\000l\000e\000-\000b\000a\000s\000e\000d\000\040\000A\000s\000s\000i\000g\000n\000m\000e\000n\000t}{subsection.3.2}% 10
\BOOKMARK [3][-]{subsubsection.3.2.3}{\376\377\000N\000a\000t\000u\000r\000a\000l\000\040\000A\000s\000s\000i\000g\000n\000m\000e\000n\000t}{subsection.3.2}% 11
\BOOKMARK [3][-]{subsubsection.3.2.4}{\376\377\000S\000e\000l\000f\000-\000s\000e\000l\000e\000c\000t\000i\000o\000n}{subsection.3.2}% 12
\BOOKMARK [2][-]{subsection.3.3}{\376\377\000T\000e\000m\000p\000o\000r\000a\000l\000\040\000S\000t\000r\000u\000c\000t\000u\000r\000e}{section.3}% 13
\BOOKMARK [3][-]{subsubsection.3.3.1}{\376\377\000C\000r\000o\000s\000s\000-\000s\000e\000c\000t\000i\000o\000n\000a\000l}{subsection.3.3}% 14
\BOOKMARK [3][-]{subsubsection.3.3.2}{\376\377\000L\000o\000n\000g\000i\000t\000u\000d\000i\000n\000a\000l}{subsection.3.3}% 15
\BOOKMARK [3][-]{subsubsection.3.3.3}{\376\377\000T\000i\000m\000e\000-\000s\000e\000r\000i\000e\000s}{subsection.3.3}% 16
\BOOKMARK [2][-]{subsection.3.4}{\376\377\000U\000n\000i\000t\000\040\000T\000r\000a\000c\000k\000i\000n\000g}{section.3}% 17
\BOOKMARK [3][-]{subsubsection.3.4.1}{\376\377\000R\000e\000p\000e\000a\000t\000e\000d\000\040\000C\000r\000o\000s\000s\000-\000s\000e\000c\000t\000i\000o\000n\000s}{subsection.3.4}% 18
\BOOKMARK [3][-]{subsubsection.3.4.2}{\376\377\000P\000a\000n\000e\000l\000\040\000D\000e\000s\000i\000g\000n\000s}{subsection.3.4}% 19
\BOOKMARK [3][-]{subsubsection.3.4.3}{\376\377\000C\000o\000h\000o\000r\000t\000\040\000D\000e\000s\000i\000g\000n\000s}{subsection.3.4}% 20
\BOOKMARK [2][-]{subsection.3.5}{\376\377\000D\000i\000r\000e\000c\000t\000i\000o\000n\000a\000l\000i\000t\000y\000\040\000o\000f\000\040\000I\000n\000q\000u\000i\000r\000y}{section.3}% 21
\BOOKMARK [3][-]{subsubsection.3.5.1}{\376\377\000P\000r\000o\000s\000p\000e\000c\000t\000i\000v\000e}{subsection.3.5}% 22
\BOOKMARK [3][-]{subsubsection.3.5.2}{\376\377\000R\000e\000t\000r\000o\000s\000p\000e\000c\000t\000i\000v\000e}{subsection.3.5}% 23
\BOOKMARK [3][-]{subsubsection.3.5.3}{\376\377\000S\000i\000m\000u\000l\000t\000a\000n\000e\000o\000u\000s}{subsection.3.5}% 24
\BOOKMARK [2][-]{subsection.3.6}{\376\377\000C\000o\000m\000p\000a\000r\000i\000s\000o\000n\000\040\000L\000o\000g\000i\000c}{section.3}% 25
\BOOKMARK [3][-]{subsubsection.3.6.1}{\376\377\000B\000e\000t\000w\000e\000e\000n\000-\000u\000n\000i\000t\000\040\000C\000o\000m\000p\000a\000r\000i\000s\000o\000n\000s}{subsection.3.6}% 26
\BOOKMARK [3][-]{subsubsection.3.6.2}{\376\377\000W\000i\000t\000h\000i\000n\000-\000u\000n\000i\000t\000\040\000C\000o\000m\000p\000a\000r\000i\000s\000o\000n\000s}{subsection.3.6}% 27
\BOOKMARK [3][-]{subsubsection.3.6.3}{\376\377\000H\000i\000s\000t\000o\000r\000i\000c\000a\000l\000\040\000C\000o\000m\000p\000a\000r\000i\000s\000o\000n\000s}{subsection.3.6}% 28
\BOOKMARK [3][-]{subsubsection.3.6.4}{\376\377\000E\000x\000t\000e\000r\000n\000a\000l\000\040\000C\000o\000m\000p\000a\000r\000i\000s\000o\000n\000s}{subsection.3.6}% 29
\BOOKMARK [2][-]{subsection.3.7}{\376\377\000D\000a\000t\000a\000\040\000P\000r\000o\000v\000e\000n\000a\000n\000c\000e}{section.3}% 30
\BOOKMARK [3][-]{subsubsection.3.7.1}{\376\377\000P\000r\000i\000m\000a\000r\000y\000\040\000D\000a\000t\000a}{subsection.3.7}% 31
\BOOKMARK [3][-]{subsubsection.3.7.2}{\376\377\000S\000e\000c\000o\000n\000d\000a\000r\000y\000\040\000D\000a\000t\000a}{subsection.3.7}% 32
\BOOKMARK [3][-]{subsubsection.3.7.3}{\376\377\000M\000i\000x\000e\000d\000\040\000S\000o\000u\000r\000c\000e\000s}{subsection.3.7}% 33
\BOOKMARK [2][-]{subsection.3.8}{\376\377\000S\000a\000m\000p\000l\000i\000n\000g\000\040\000S\000t\000r\000a\000t\000e\000g\000y}{section.3}% 34
\BOOKMARK [3][-]{subsubsection.3.8.1}{\376\377\000P\000r\000o\000b\000a\000b\000i\000l\000i\000t\000y\000\040\000S\000a\000m\000p\000l\000i\000n\000g}{subsection.3.8}% 35
\BOOKMARK [3][-]{subsubsection.3.8.2}{\376\377\000N\000o\000n\000-\000p\000r\000o\000b\000a\000b\000i\000l\000i\000t\000y\000\040\000S\000a\000m\000p\000l\000i\000n\000g}{subsection.3.8}% 36
\BOOKMARK [3][-]{subsubsection.3.8.3}{\376\377\000C\000e\000n\000s\000u\000s}{subsection.3.8}% 37
\BOOKMARK [3][-]{subsubsection.3.8.4}{\376\377\000S\000e\000l\000e\000c\000t\000i\000v\000e\000\040\000E\000n\000r\000o\000l\000l\000m\000e\000n\000t}{subsection.3.8}% 38
\BOOKMARK [2][-]{subsection.3.9}{\376\377\000U\000n\000i\000t\000\040\000o\000f\000\040\000A\000n\000a\000l\000y\000s\000i\000s\000\040\000a\000n\000d\000\040\000O\000b\000s\000e\000r\000v\000a\000t\000i\000o\000n}{section.3}% 39
\BOOKMARK [3][-]{subsubsection.3.9.1}{\376\377\000I\000n\000d\000i\000v\000i\000d\000u\000a\000l\000-\000l\000e\000v\000e\000l}{subsection.3.9}% 40
\BOOKMARK [3][-]{subsubsection.3.9.2}{\376\377\000A\000g\000g\000r\000e\000g\000a\000t\000e\000-\000l\000e\000v\000e\000l}{subsection.3.9}% 41
\BOOKMARK [3][-]{subsubsection.3.9.3}{\376\377\000M\000u\000l\000t\000i\000l\000e\000v\000e\000l}{subsection.3.9}% 42
\BOOKMARK [3][-]{subsubsection.3.9.4}{\376\377\000E\000c\000o\000l\000o\000g\000i\000c\000a\000l}{subsection.3.9}% 43
\BOOKMARK [2][-]{subsection.3.10}{\376\377\000M\000e\000a\000s\000u\000r\000e\000m\000e\000n\000t\000\040\000M\000o\000d\000a\000l\000i\000t\000y}{section.3}% 44
\BOOKMARK [3][-]{subsubsection.3.10.1}{\376\377\000D\000i\000r\000e\000c\000t\000\040\000O\000b\000s\000e\000r\000v\000a\000t\000i\000o\000n}{subsection.3.10}% 45
\BOOKMARK [3][-]{subsubsection.3.10.2}{\376\377\000S\000e\000l\000f\000-\000r\000e\000p\000o\000r\000t}{subsection.3.10}% 46
\BOOKMARK [3][-]{subsubsection.3.10.3}{\376\377\000P\000r\000o\000x\000y\000\040\000R\000e\000p\000o\000r\000t}{subsection.3.10}% 47
\BOOKMARK [3][-]{subsubsection.3.10.4}{\376\377\000A\000d\000m\000i\000n\000i\000s\000t\000r\000a\000t\000i\000v\000e\000\040\000R\000e\000c\000o\000r\000d\000s}{subsection.3.10}% 48
\BOOKMARK [3][-]{subsubsection.3.10.5}{\376\377\000B\000i\000o\000m\000a\000r\000k\000e\000r\000s\000\040\000a\000n\000d\000\040\000P\000h\000y\000s\000i\000o\000l\000o\000g\000i\000c\000a\000l\000\040\000M\000e\000a\000s\000u\000r\000e\000s}{subsection.3.10}% 49
\BOOKMARK [3][-]{subsubsection.3.10.6}{\376\377\000D\000i\000g\000i\000t\000a\000l\000\040\000T\000r\000a\000c\000e\000\040\000D\000a\000t\000a}{subsection.3.10}% 50
\BOOKMARK [3][-]{subsubsection.3.10.7}{\376\377\000P\000e\000r\000f\000o\000r\000m\000a\000n\000c\000e\000\040\000T\000e\000s\000t\000s}{subsection.3.10}% 51
\BOOKMARK [3][-]{subsubsection.3.10.8}{\376\377\000M\000i\000x\000e\000d\000\040\000M\000e\000a\000s\000u\000r\000e\000m\000e\000n\000t}{subsection.3.10}% 52
\BOOKMARK [2][-]{subsection.3.11}{\376\377\000C\000o\000n\000f\000o\000u\000n\000d\000i\000n\000g\000\040\000C\000o\000n\000t\000r\000o\000l\000\040\000S\000t\000r\000a\000t\000e\000g\000y}{section.3}% 53
\BOOKMARK [3][-]{subsubsection.3.11.1}{\376\377\000R\000a\000n\000d\000o\000m\000i\000z\000a\000t\000i\000o\000n\000-\000b\000a\000s\000e\000d\000\040\000C\000o\000n\000t\000r\000o\000l}{subsection.3.11}% 54
\BOOKMARK [3][-]{subsubsection.3.11.2}{\376\377\000D\000e\000s\000i\000g\000n\000-\000b\000a\000s\000e\000d\000\040\000I\000d\000e\000n\000t\000i\000f\000i\000c\000a\000t\000i\000o\000n}{subsection.3.11}% 55
\BOOKMARK [3][-]{subsubsection.3.11.3}{\376\377\000R\000e\000s\000t\000r\000i\000c\000t\000i\000o\000n\000\040\000a\000n\000d\000\040\000S\000t\000r\000a\000t\000i\000f\000i\000c\000a\000t\000i\000o\000n}{subsection.3.11}% 56
\BOOKMARK [3][-]{subsubsection.3.11.4}{\376\377\000M\000a\000t\000c\000h\000i\000n\000g}{subsection.3.11}% 57
\BOOKMARK [3][-]{subsubsection.3.11.5}{\376\377\000S\000t\000a\000t\000i\000s\000t\000i\000c\000a\000l\000\040\000A\000d\000j\000u\000s\000t\000m\000e\000n\000t}{subsection.3.11}% 58
\BOOKMARK [3][-]{subsubsection.3.11.6}{\376\377\000F\000i\000x\000e\000d\000\040\000E\000f\000f\000e\000c\000t\000s}{subsection.3.11}% 59
\BOOKMARK [3][-]{subsubsection.3.11.7}{\376\377\000S\000e\000n\000s\000i\000t\000i\000v\000i\000t\000y\000\040\000A\000n\000a\000l\000y\000s\000i\000s}{subsection.3.11}% 60
\BOOKMARK [3][-]{subsubsection.3.11.8}{\376\377\000N\000e\000g\000a\000t\000i\000v\000e\000\040\000C\000o\000n\000t\000r\000o\000l\000s}{subsection.3.11}% 61
\BOOKMARK [3][-]{subsubsection.3.11.9}{\376\377\000N\000o\000\040\000E\000x\000p\000l\000i\000c\000i\000t\000\040\000C\000o\000n\000t\000r\000o\000l}{subsection.3.11}% 62
\BOOKMARK [2][-]{subsection.3.12}{\376\377\000S\000u\000m\000m\000a\000r\000y\000\040\000T\000a\000b\000l\000e\000:\000\040\000R\000e\000s\000e\000a\000r\000c\000h\000\040\000D\000e\000s\000i\000g\000n\000\040\000D\000i\000m\000e\000n\000s\000i\000o\000n\000s}{section.3}% 63
\BOOKMARK [2][-]{subsection.3.13}{\376\377\000I\000n\000t\000e\000r\000d\000e\000p\000e\000n\000d\000e\000n\000c\000i\000e\000s\000\040\000A\000m\000o\000n\000g\000\040\000D\000i\000m\000e\000n\000s\000i\000o\000n\000s}{section.3}% 64
\BOOKMARK [1][-]{section.4}{\376\377\000R\000e\000s\000e\000a\000r\000c\000h\000\040\000S\000c\000h\000e\000m\000e\000s\000\040\000T\000a\000x\000o\000n\000o\000m\000y}{}% 65
\BOOKMARK [2][-]{subsection.4.1}{\376\377\000R\000a\000n\000d\000o\000m\000i\000z\000e\000d\000\040\000C\000o\000n\000t\000r\000o\000l\000l\000e\000d\000\040\000T\000r\000i\000a\000l\000s}{section.4}% 66
\BOOKMARK [2][-]{subsection.4.2}{\376\377\000Q\000u\000a\000s\000i\000-\000E\000x\000p\000e\000r\000i\000m\000e\000n\000t\000a\000l\000\040\000D\000e\000s\000i\000g\000n\000s}{section.4}% 67
\BOOKMARK [2][-]{subsection.4.3}{\376\377\000C\000o\000h\000o\000r\000t\000\040\000S\000t\000u\000d\000i\000e\000s}{section.4}% 68
\BOOKMARK [2][-]{subsection.4.4}{\376\377\000C\000a\000s\000e\040\023\000C\000o\000n\000t\000r\000o\000l\000\040\000S\000t\000u\000d\000i\000e\000s}{section.4}% 69
\BOOKMARK [2][-]{subsection.4.5}{\376\377\000C\000r\000o\000s\000s\000-\000S\000e\000c\000t\000i\000o\000n\000a\000l\000\040\000S\000t\000u\000d\000i\000e\000s}{section.4}% 70
\BOOKMARK [2][-]{subsection.4.6}{\376\377\000P\000a\000n\000e\000l\000\040\000S\000t\000u\000d\000i\000e\000s}{section.4}% 71
\BOOKMARK [2][-]{subsection.4.7}{\376\377\000S\000y\000s\000t\000e\000m\000a\000t\000i\000c\000\040\000R\000e\000v\000i\000e\000w\000s\000\040\000a\000n\000d\000\040\000M\000e\000t\000a\000-\000A\000n\000a\000l\000y\000s\000e\000s}{section.4}% 72
\BOOKMARK [2][-]{subsection.4.8}{\376\377\000C\000o\000m\000p\000u\000t\000a\000t\000i\000o\000n\000a\000l\000\040\000a\000n\000d\000\040\000D\000i\000g\000i\000t\000a\000l\000\040\000T\000r\000a\000c\000e\000\040\000S\000t\000u\000d\000i\000e\000s}{section.4}% 73
\BOOKMARK [2][-]{subsection.4.9}{\376\377\000A\000d\000a\000p\000t\000i\000v\000e\000\040\000a\000n\000d\000\040\000S\000e\000q\000u\000e\000n\000t\000i\000a\000l\000\040\000D\000e\000s\000i\000g\000n\000s}{section.4}% 74
\BOOKMARK [2][-]{subsection.4.10}{\376\377\000N\000a\000t\000u\000r\000a\000l\000\040\000E\000x\000p\000e\000r\000i\000m\000e\000n\000t\000s}{section.4}% 75
\BOOKMARK [2][-]{subsection.4.11}{\376\377\000M\000a\000t\000c\000h\000i\000n\000g\000\040\000a\000n\000d\000\040\000S\000y\000n\000t\000h\000e\000t\000i\000c\000\040\000C\000o\000n\000t\000r\000o\000l\000\040\000D\000e\000s\000i\000g\000n\000s}{section.4}% 76
\BOOKMARK [2][-]{subsection.4.12}{\376\377\000R\000e\000g\000r\000e\000s\000s\000i\000o\000n\000\040\000D\000i\000s\000c\000o\000n\000t\000i\000n\000u\000i\000t\000y\000\040\000D\000e\000s\000i\000g\000n\000s}{section.4}% 77
\BOOKMARK [2][-]{subsection.4.13}{\376\377\000I\000n\000s\000t\000r\000u\000m\000e\000n\000t\000a\000l\000\040\000V\000a\000r\000i\000a\000b\000l\000e\000s\000\040\000D\000e\000s\000i\000g\000n\000s}{section.4}% 78
\BOOKMARK [2][-]{subsection.4.14}{\376\377\000S\000u\000m\000m\000a\000r\000y\000\040\000T\000a\000b\000l\000e\000:\000\040\000R\000e\000s\000e\000a\000r\000c\000h\000\040\000S\000c\000h\000e\000m\000e\000s\000\040\000a\000n\000d\000\040\000D\000i\000m\000e\000n\000s\000i\000o\000n\000a\000l\000\040\000P\000r\000o\000f\000i\000l\000e\000s}{section.4}% 79
\BOOKMARK [2][-]{subsection.4.15}{\376\377\000S\000u\000m\000m\000a\000r\000y\000\040\000T\000a\000b\000l\000e\000:\000\040\000M\000e\000a\000s\000u\000r\000e\000m\000e\000n\000t\000\040\000a\000n\000d\000\040\000C\000o\000n\000f\000o\000u\000n\000d\000i\000n\000g\000\040\000C\000o\000n\000t\000r\000o\000l\000\040\000b\000y\000\040\000S\000c\000h\000e\000m\000e}{section.4}% 80
\BOOKMARK [1][-]{section.5}{\376\377\000R\000e\000l\000a\000t\000i\000o\000n\000s\000h\000i\000p\000s\000\040\000B\000e\000t\000w\000e\000e\000n\000\040\000D\000i\000m\000e\000n\000s\000i\000o\000n\000s\000\040\000a\000n\000d\000\040\000S\000c\000h\000e\000m\000e\000s}{}% 81
\BOOKMARK [2][-]{subsection.5.1}{\376\377\000D\000e\000s\000i\000g\000n\000\040\000S\000p\000a\000c\000e\000\040\000N\000a\000v\000i\000g\000a\000t\000i\000o\000n}{section.5}% 82
\BOOKMARK [2][-]{subsection.5.2}{\376\377\000I\000n\000f\000e\000r\000e\000n\000t\000i\000a\000l\000\040\000T\000r\000a\000d\000e\000o\000f\000f\000s}{section.5}% 83
\BOOKMARK [1][-]{section.6}{\376\377\000D\000e\000s\000i\000g\000n\000\040\000S\000e\000l\000e\000c\000t\000i\000o\000n\000\040\000a\000n\000d\000\040\000J\000u\000s\000t\000i\000f\000i\000c\000a\000t\000i\000o\000n}{}% 84
\BOOKMARK [2][-]{subsection.6.1}{\376\377\000D\000e\000s\000i\000g\000n\000\040\000J\000u\000s\000t\000i\000f\000i\000c\000a\000t\000i\000o\000n\000\040\000T\000e\000m\000p\000l\000a\000t\000e}{section.6}% 85
\BOOKMARK [2][-]{subsection.6.2}{\376\377\000E\000x\000a\000m\000p\000l\000e\000:\000\040\000D\000e\000s\000i\000g\000n\000\040\000J\000u\000s\000t\000i\000f\000i\000c\000a\000t\000i\000o\000n\000\040\000f\000o\000r\000\040\000a\000\040\000C\000o\000h\000o\000r\000t\000\040\000S\000t\000u\000d\000y\000\040\000o\000f\000\040\000E\000d\000u\000c\000a\000t\000i\000o\000n\000a\000l\000\040\000I\000n\000t\000e\000r\000v\000e\000n\000t\000i\000o\000n\000s}{section.6}% 86
\BOOKMARK [1][-]{section.7}{\376\377\000R\000e\000c\000a\000p\000:\000\040\000F\000r\000o\000m\000\040\000R\000e\000s\000e\000a\000r\000c\000h\000\040\000Q\000u\000e\000s\000t\000i\000o\000n\000s\000\040\000t\000o\000\040\000R\000e\000s\000e\000a\000r\000c\000h\000\040\000S\000c\000h\000e\000m\000e\000s}{}% 87
\BOOKMARK [2][-]{subsection.7.1}{\376\377\000T\000h\000e\000\040\000D\000e\000s\000i\000g\000n\000\040\000S\000e\000l\000e\000c\000t\000i\000o\000n\000\040\000W\000o\000r\000k\000f\000l\000o\000w}{section.7}% 88
\BOOKMARK [3][-]{subsubsection.7.1.1}{\376\377\000S\000t\000a\000g\000e\000\040\0001\000:\000\040\000C\000o\000n\000c\000e\000p\000t\000u\000a\000l\000\040\000C\000l\000a\000r\000i\000f\000i\000c\000a\000t\000i\000o\000n}{subsection.7.1}% 89
\BOOKMARK [3][-]{subsubsection.7.1.2}{\376\377\000S\000t\000a\000g\000e\000\040\0002\000:\000\040\000O\000p\000e\000r\000a\000t\000i\000o\000n\000a\000l\000i\000z\000a\000t\000i\000o\000n}{subsection.7.1}% 90
\BOOKMARK [3][-]{subsubsection.7.1.3}{\376\377\000S\000t\000a\000g\000e\000\040\0003\000:\000\040\000C\000o\000n\000s\000t\000r\000a\000i\000n\000t\000\040\000A\000s\000s\000e\000s\000s\000m\000e\000n\000t}{subsection.7.1}% 91
\BOOKMARK [3][-]{subsubsection.7.1.4}{\376\377\000S\000t\000a\000g\000e\000\040\0004\000:\000\040\000D\000i\000m\000e\000n\000s\000i\000o\000n\000a\000l\000\040\000C\000o\000n\000f\000i\000g\000u\000r\000a\000t\000i\000o\000n}{subsection.7.1}% 92
\BOOKMARK [3][-]{subsubsection.7.1.5}{\376\377\000S\000t\000a\000g\000e\000\040\0005\000:\000\040\000S\000c\000h\000e\000m\000e\000\040\000R\000e\000c\000o\000g\000n\000i\000t\000i\000o\000n\000\040\000a\000n\000d\000\040\000A\000d\000a\000p\000t\000a\000t\000i\000o\000n}{subsection.7.1}% 93
\BOOKMARK [2][-]{subsection.7.2}{\376\377\000J\000u\000s\000t\000i\000f\000y\000i\000n\000g\000\040\000D\000e\000s\000i\000g\000n\000\040\000C\000h\000o\000i\000c\000e\000s}{section.7}% 94
\BOOKMARK [2][-]{subsection.7.3}{\376\377\000E\000x\000a\000m\000p\000l\000e\000:\000\040\000F\000r\000o\000m\000\040\000Q\000u\000e\000s\000t\000i\000o\000n\000\040\000t\000o\000\040\000D\000e\000s\000i\000g\000n}{section.7}% 95
\BOOKMARK [2][-]{subsection.7.4}{\376\377\000C\000o\000m\000m\000o\000n\000\040\000D\000e\000s\000i\000g\000n\000\040\000S\000e\000l\000e\000c\000t\000i\000o\000n\000\040\000P\000a\000t\000t\000e\000r\000n\000s}{section.7}% 96
\BOOKMARK [2][-]{subsection.7.5}{\376\377\000M\000o\000v\000i\000n\000g\000\040\000F\000o\000r\000w\000a\000r\000d\000:\000\040\000D\000e\000s\000i\000g\000n\000\040\000t\000o\000\040\000A\000n\000a\000l\000y\000s\000i\000s}{section.7}% 97
\BOOKMARK [1][-]{section.8}{\376\377\000C\000a\000s\000e\000\040\000S\000t\000u\000d\000i\000e\000s\000:\000\040\000R\000e\000s\000e\000a\000r\000c\000h\000\040\000S\000c\000h\000e\000m\000e\000s\000\040\000i\000n\000\040\000P\000r\000a\000c\000t\000i\000c\000e}{}% 98
\BOOKMARK [2][-]{subsection.8.1}{\376\377\000R\000a\000n\000d\000o\000m\000i\000z\000e\000d\000\040\000C\000o\000n\000t\000r\000o\000l\000l\000e\000d\000\040\000T\000r\000i\000a\000l\000s}{section.8}% 99
\BOOKMARK [3][-]{subsubsection.8.1.1}{\376\377\000C\000a\000s\000e\000\040\000S\000t\000u\000d\000y\000\040\0001\000:\000\040\000M\000o\000v\000i\000n\000g\000\040\000t\000o\000\040\000O\000p\000p\000o\000r\000t\000u\000n\000i\000t\000y\000\040\000E\000x\000p\000e\000r\000i\000m\000e\000n\000t}{subsection.8.1}% 100
\BOOKMARK [3][-]{subsubsection.8.1.2}{\376\377\000C\000a\000s\000e\000\040\000S\000t\000u\000d\000y\000\040\0002\000:\000\040\000O\000r\000e\000g\000o\000n\000\040\000H\000e\000a\000l\000t\000h\000\040\000I\000n\000s\000u\000r\000a\000n\000c\000e\000\040\000E\000x\000p\000e\000r\000i\000m\000e\000n\000t}{subsection.8.1}% 101
\BOOKMARK [2][-]{subsection.8.2}{\376\377\000Q\000u\000a\000s\000i\000-\000E\000x\000p\000e\000r\000i\000m\000e\000n\000t\000a\000l\000\040\000D\000e\000s\000i\000g\000n\000s}{section.8}% 102
\BOOKMARK [3][-]{subsubsection.8.2.1}{\376\377\000C\000a\000s\000e\000\040\000S\000t\000u\000d\000y\000\040\0003\000:\000\040\000M\000i\000n\000i\000m\000u\000m\000\040\000W\000a\000g\000e\000\040\000a\000n\000d\000\040\000E\000m\000p\000l\000o\000y\000m\000e\000n\000t\000\040\000\050\000C\000a\000r\000d\000\040\000\046\000\040\000K\000r\000u\000e\000g\000e\000r\000\051}{subsection.8.2}% 103
\BOOKMARK [3][-]{subsubsection.8.2.2}{\376\377\000C\000a\000s\000e\000\040\000S\000t\000u\000d\000y\000\040\0004\000:\000\040\000C\000l\000a\000s\000s\000\040\000S\000i\000z\000e\000\040\000a\000n\000d\000\040\000A\000c\000h\000i\000e\000v\000e\000m\000e\000n\000t\000\040\000\050\000A\000n\000g\000r\000i\000s\000t\000\040\000\046\000\040\000L\000a\000v\000y\000,\000\040\000R\000D\000D\000\051}{subsection.8.2}% 104
\BOOKMARK [3][-]{subsubsection.8.2.3}{\376\377\000C\000a\000s\000e\000\040\000S\000t\000u\000d\000y\000\040\0005\000:\000\040\000M\000i\000l\000i\000t\000a\000r\000y\000\040\000S\000e\000r\000v\000i\000c\000e\000\040\000a\000n\000d\000\040\000E\000a\000r\000n\000i\000n\000g\000s\000\040\000\050\000A\000n\000g\000r\000i\000s\000t\000,\000\040\000I\000V\000\040\000D\000e\000s\000i\000g\000n\000\051}{subsection.8.2}% 105
\BOOKMARK [2][-]{subsection.8.3}{\376\377\000O\000b\000s\000e\000r\000v\000a\000t\000i\000o\000n\000a\000l\000\040\000D\000e\000s\000i\000g\000n\000s}{section.8}% 106
\BOOKMARK [3][-]{subsubsection.8.3.1}{\376\377\000C\000a\000s\000e\000\040\000S\000t\000u\000d\000y\000\040\0006\000:\000\040\000F\000r\000a\000m\000i\000n\000g\000h\000a\000m\000\040\000H\000e\000a\000r\000t\000\040\000S\000t\000u\000d\000y\000\040\000\050\000C\000o\000h\000o\000r\000t\000\051}{subsection.8.3}% 107
\BOOKMARK [3][-]{subsubsection.8.3.2}{\376\377\000C\000a\000s\000e\000\040\000S\000t\000u\000d\000y\000\040\0007\000:\000\040\000N\000u\000r\000s\000e\000s\000'\000\040\000H\000e\000a\000l\000t\000h\000\040\000S\000t\000u\000d\000y\000\040\000\050\000C\000o\000h\000o\000r\000t\000\051}{subsection.8.3}% 108
\BOOKMARK [3][-]{subsubsection.8.3.3}{\376\377\000C\000a\000s\000e\000\040\000S\000t\000u\000d\000y\000\040\0008\000:\000\040\000S\000m\000o\000k\000i\000n\000g\000\040\000a\000n\000d\000\040\000L\000u\000n\000g\000\040\000C\000a\000n\000c\000e\000r\000\040\000\050\000C\000a\000s\000e\000-\000C\000o\000n\000t\000r\000o\000l\000\051}{subsection.8.3}% 109
\BOOKMARK [3][-]{subsubsection.8.3.4}{\376\377\000C\000a\000s\000e\000\040\000S\000t\000u\000d\000y\000\040\0009\000:\000\040\000S\000o\000c\000i\000a\000l\000\040\000C\000a\000p\000i\000t\000a\000l\000\040\000a\000n\000d\000\040\000H\000e\000a\000l\000t\000h\000\040\000\050\000C\000r\000o\000s\000s\000-\000S\000e\000c\000t\000i\000o\000n\000a\000l\000\051}{subsection.8.3}% 110
\BOOKMARK [2][-]{subsection.8.4}{\376\377\000P\000a\000n\000e\000l\000\040\000S\000t\000u\000d\000i\000e\000s}{section.8}% 111
\BOOKMARK [3][-]{subsubsection.8.4.1}{\376\377\000C\000a\000s\000e\000\040\000S\000t\000u\000d\000y\000\040\0001\0000\000:\000\040\000P\000a\000n\000e\000l\000\040\000S\000t\000u\000d\000y\000\040\000o\000f\000\040\000I\000n\000c\000o\000m\000e\000\040\000D\000y\000n\000a\000m\000i\000c\000s\000\040\000\050\000P\000S\000I\000D\000\051}{subsection.8.4}% 112
\BOOKMARK [2][-]{subsection.8.5}{\376\377\000D\000i\000g\000i\000t\000a\000l\000\040\000T\000r\000a\000c\000e\000\040\000S\000t\000u\000d\000i\000e\000s}{section.8}% 113
\BOOKMARK [3][-]{subsubsection.8.5.1}{\376\377\000C\000a\000s\000e\000\040\000S\000t\000u\000d\000y\000\040\0001\0001\000:\000\040\000S\000o\000c\000i\000a\000l\000\040\000M\000e\000d\000i\000a\000\040\000a\000n\000d\000\040\000P\000o\000l\000i\000t\000i\000c\000a\000l\000\040\000P\000o\000l\000a\000r\000i\000z\000a\000t\000i\000o\000n}{subsection.8.5}% 114
\BOOKMARK [3][-]{subsubsection.8.5.2}{\376\377\000C\000a\000s\000e\000\040\000S\000t\000u\000d\000y\000\040\0001\0002\000:\000\040\000E\000m\000o\000t\000i\000o\000n\000a\000l\000\040\000C\000o\000n\000t\000a\000g\000i\000o\000n\000\040\000o\000n\000\040\000F\000a\000c\000e\000b\000o\000o\000k}{subsection.8.5}% 115
\BOOKMARK [2][-]{subsection.8.6}{\376\377\000M\000e\000t\000a\000-\000A\000n\000a\000l\000y\000s\000i\000s}{section.8}% 116
\BOOKMARK [3][-]{subsubsection.8.6.1}{\376\377\000C\000a\000s\000e\000\040\000S\000t\000u\000d\000y\000\040\0001\0003\000:\000\040\000E\000a\000r\000l\000y\000\040\000C\000h\000i\000l\000d\000h\000o\000o\000d\000\040\000E\000d\000u\000c\000a\000t\000i\000o\000n\000\040\000E\000f\000f\000e\000c\000t\000s\000\040\000\050\000M\000e\000t\000a\000-\000A\000n\000a\000l\000y\000s\000i\000s\000\051}{subsection.8.6}% 117
\BOOKMARK [2][-]{subsection.8.7}{\376\377\000S\000y\000n\000t\000h\000e\000s\000i\000s\000:\000\040\000W\000h\000a\000t\000\040\000M\000a\000k\000e\000s\000\040\000a\000\040\000G\000o\000o\000d\000\040\000C\000a\000s\000e\000\040\000S\000t\000u\000d\000y\000?}{section.8}% 118
